# JRE version: Java(TM) SE Runtime Environment (8.0_111-b14) (build 1.8.0_111-b14)
# Java VM: Java HotSpot(TM) 64-Bit Server VM (25.111-b14 mixed mode windows-amd64 compressed oops)
Heap:
 PSYoungGen      total 180224K, used 160337K [0x00000000eb200000, 0x00000000f7080000, 0x0000000100000000)
  eden space 172544K, 90% used [0x00000000eb200000,0x00000000f49b76b0,0x00000000f5a80000)
  from space 7680K, 64% used [0x00000000f6900000,0x00000000f6ddcfe0,0x00000000f7080000)
  to   space 11264K, 0% used [0x00000000f5a80000,0x00000000f5a80000,0x00000000f6580000)
 ParOldGen       total 54784K, used 23458K [0x00000000c1600000, 0x00000000c4b80000, 0x00000000eb200000)
  object space 54784K, 42% used [0x00000000c1600000,0x00000000c2ce8a50,0x00000000c4b80000)
 Metaspace       used 46283K, capacity 48210K, committed 48344K, reserved 1091584K
  class space    used 6150K, capacity 6517K, committed 6616K, reserved 1048576K
GC Heap History (10 events):
Event: 16.909 GC heap before
{Heap before GC invocations=10 (full 1):
 PSYoungGen      total 107520K, used 106990K [0x00000000eb200000, 0x00000000f2600000, 0x0000000100000000)
  eden space 100352K, 100% used [0x00000000eb200000,0x00000000f1400000,0x00000000f1400000)
  from space 7168K, 92% used [0x00000000f1b80000,0x00000000f21fba58,0x00000000f2280000)
  to   space 7680K, 0% used [0x00000000f1400000,0x00000000f1400000,0x00000000f1b80000)
 ParOldGen       total 37888K, used 10498K [0x00000000c1600000, 0x00000000c3b00000, 0x00000000eb200000)
  object space 37888K, 27% used [0x00000000c1600000,0x00000000c2040be8,0x00000000c3b00000)
 Metaspace       used 31426K, capacity 32490K, committed 32768K, reserved 1077248K
  class space    used 4028K, capacity 4249K, committed 4352K, reserved 1048576K
Event: 16.932 GC heap after
Heap after GC invocations=10 (full 1):
 PSYoungGen      total 108032K, used 7652K [0x00000000eb200000, 0x00000000f4900000, 0x0000000100000000)
  eden space 100352K, 0% used [0x00000000eb200000,0x00000000eb200000,0x00000000f1400000)
  from space 7680K, 99% used [0x00000000f1400000,0x00000000f1b79138,0x00000000f1b80000)
  to   space 9728K, 0% used [0x00000000f3f80000,0x00000000f3f80000,0x00000000f4900000)
 ParOldGen       total 37888K, used 13478K [0x00000000c1600000, 0x00000000c3b00000, 0x00000000eb200000)
  object space 37888K, 35% used [0x00000000c1600000,0x00000000c2329a18,0x00000000c3b00000)
 Metaspace       used 31426K, capacity 32490K, committed 32768K, reserved 1077248K
  class space    used 4028K, capacity 4249K, committed 4352K, reserved 1048576K
}
Event: 18.746 GC heap before
{Heap before GC invocations=11 (full 1):
 PSYoungGen      total 108032K, used 84310K [0x00000000eb200000, 0x00000000f4900000, 0x0000000100000000)
  eden space 100352K, 76% used [0x00000000eb200000,0x00000000efcdc8a8,0x00000000f1400000)
  from space 7680K, 99% used [0x00000000f1400000,0x00000000f1b79138,0x00000000f1b80000)
  to   space 9728K, 0% used [0x00000000f3f80000,0x00000000f3f80000,0x00000000f4900000)
 ParOldGen       total 37888K, used 13478K [0x00000000c1600000, 0x00000000c3b00000, 0x00000000eb200000)
  object space 37888K, 35% used [0x00000000c1600000,0x00000000c2329a18,0x00000000c3b00000)
 Metaspace       used 33921K, capacity 35312K, committed 35416K, reserved 1079296K
  class space    used 4369K, capacity 4636K, committed 4696K, reserved 1048576K
Event: 18.764 GC heap after
Heap after GC invocations=11 (full 1):
 PSYoungGen      total 141824K, used 7688K [0x00000000eb200000, 0x00000000f4800000, 0x0000000100000000)
  eden space 133120K, 0% used [0x00000000eb200000,0x00000000eb200000,0x00000000f3400000)
  from space 8704K, 88% used [0x00000000f3f80000,0x00000000f47020c8,0x00000000f4800000)
  to   space 10240K, 0% used [0x00000000f3400000,0x00000000f3400000,0x00000000f3e00000)
 ParOldGen       total 37888K, used 17552K [0x00000000c1600000, 0x00000000c3b00000, 0x00000000eb200000)
  object space 37888K, 46% used [0x00000000c1600000,0x00000000c27241d8,0x00000000c3b00000)
 Metaspace       used 33921K, capacity 35312K, committed 35416K, reserved 1079296K
  class space    used 4369K, capacity 4636K, committed 4696K, reserved 1048576K
}
Event: 18.764 GC heap before
{Heap before GC invocations=12 (full 2):
 PSYoungGen      total 141824K, used 7688K [0x00000000eb200000, 0x00000000f4800000, 0x0000000100000000)
  eden space 133120K, 0% used [0x00000000eb200000,0x00000000eb200000,0x00000000f3400000)
  from space 8704K, 88% used [0x00000000f3f80000,0x00000000f47020c8,0x00000000f4800000)
  to   space 10240K, 0% used [0x00000000f3400000,0x00000000f3400000,0x00000000f3e00000)
 ParOldGen       total 37888K, used 17552K [0x00000000c1600000, 0x00000000c3b00000, 0x00000000eb200000)
  object space 37888K, 46% used [0x00000000c1600000,0x00000000c27241d8,0x00000000c3b00000)
 Metaspace       used 33921K, capacity 35312K, committed 35416K, reserved 1079296K
  class space    used 4369K, capacity 4636K, committed 4696K, reserved 1048576K
Event: 18.870 GC heap after
Heap after GC invocations=12 (full 2):
 PSYoungGen      total 141824K, used 0K [0x00000000eb200000, 0x00000000f4800000, 0x0000000100000000)
  eden space 133120K, 0% used [0x00000000eb200000,0x00000000eb200000,0x00000000f3400000)
  from space 8704K, 0% used [0x00000000f3f80000,0x00000000f3f80000,0x00000000f4800000)
  to   space 10240K, 0% used [0x00000000f3400000,0x00000000f3400000,0x00000000f3e00000)
 ParOldGen       total 54784K, used 16301K [0x00000000c1600000, 0x00000000c4b80000, 0x00000000eb200000)
  object space 54784K, 29% used [0x00000000c1600000,0x00000000c25eb520,0x00000000c4b80000)
 Metaspace       used 33921K, capacity 35312K, committed 35416K, reserved 1079296K
  class space    used 4369K, capacity 4636K, committed 4696K, reserved 1048576K
}
Event: 21.853 GC heap before
{Heap before GC invocations=13 (full 2):
 PSYoungGen      total 141824K, used 133120K [0x00000000eb200000, 0x00000000f4800000, 0x0000000100000000)
  eden space 133120K, 100% used [0x00000000eb200000,0x00000000f3400000,0x00000000f3400000)
  from space 8704K, 0% used [0x00000000f3f80000,0x00000000f3f80000,0x00000000f4800000)
  to   space 10240K, 0% used [0x00000000f3400000,0x00000000f3400000,0x00000000f3e00000)
 ParOldGen       total 54784K, used 16301K [0x00000000c1600000, 0x00000000c4b80000, 0x00000000eb200000)
  object space 54784K, 29% used [0x00000000c1600000,0x00000000c25eb520,0x00000000c4b80000)
 Metaspace       used 37953K, capacity 39588K, committed 39896K, reserved 1083392K
  class space    used 4928K, capacity 5226K, committed 5336K, reserved 1048576K
Event: 21.879 GC heap after
Heap after GC invocations=13 (full 2):
 PSYoungGen      total 143360K, used 10211K [0x00000000eb200000, 0x00000000f7480000, 0x0000000100000000)
  eden space 133120K, 0% used [0x00000000eb200000,0x00000000eb200000,0x00000000f3400000)
  from space 10240K, 99% used [0x00000000f3400000,0x00000000f3df8ca0,0x00000000f3e00000)
  to   space 11776K, 0% used [0x00000000f6900000,0x00000000f6900000,0x00000000f7480000)
 ParOldGen       total 54784K, used 17177K [0x00000000c1600000, 0x00000000c4b80000, 0x00000000eb200000)
  object space 54784K, 31% used [0x00000000c1600000,0x00000000c26c6670,0x00000000c4b80000)
 Metaspace       used 37953K, capacity 39588K, committed 39896K, reserved 1083392K
  class space    used 4928K, capacity 5226K, committed 5336K, reserved 1048576K
}
Event: 26.073 GC heap before
{Heap before GC invocations=14 (full 2):
 PSYoungGen      total 143360K, used 143331K [0x00000000eb200000, 0x00000000f7480000, 0x0000000100000000)
  eden space 133120K, 100% used [0x00000000eb200000,0x00000000f3400000,0x00000000f3400000)
  from space 10240K, 99% used [0x00000000f3400000,0x00000000f3df8ca0,0x00000000f3e00000)
  to   space 11776K, 0% used [0x00000000f6900000,0x00000000f6900000,0x00000000f7480000)
 ParOldGen       total 54784K, used 17177K [0x00000000c1600000, 0x00000000c4b80000, 0x00000000eb200000)
  object space 54784K, 31% used [0x00000000c1600000,0x00000000c26c6670,0x00000000c4b80000)
 Metaspace       used 40477K, capacity 42300K, committed 42584K, reserved 1085440K
  class space    used 5287K, capacity 5618K, committed 5720K, reserved 1048576K
Event: 26.099 GC heap after
Heap after GC invocations=14 (full 2):
 PSYoungGen      total 180224K, used 4979K [0x00000000eb200000, 0x00000000f7080000, 0x0000000100000000)
  eden space 172544K, 0% used [0x00000000eb200000,0x00000000eb200000,0x00000000f5a80000)
  from space 7680K, 64% used [0x00000000f6900000,0x00000000f6ddcfe0,0x00000000f7080000)
  to   space 11264K, 0% used [0x00000000f5a80000,0x00000000f5a80000,0x00000000f6580000)
 ParOldGen       total 54784K, used 23458K [0x00000000c1600000, 0x00000000c4b80000, 0x00000000eb200000)
  object space 54784K, 42% used [0x00000000c1600000,0x00000000c2ce8a50,0x00000000c4b80000)
 Metaspace       used 40477K, capacity 42300K, committed 42584K, reserved 1085440K
  class space    used 5287K, capacity 5618K, committed 5720K, reserved 1048576K
}

