# JRE version: Java(TM) SE Runtime Environment (8.0_111-b14) (build 1.8.0_111-b14)
# Java VM: Java HotSpot(TM) 64-Bit Server VM (25.111-b14 mixed mode windows-amd64 compressed oops)
Heap:
 PSYoungGen      total 189440K, used 176918K [0x00000000eb200000, 0x00000000f7c00000, 0x0000000100000000)
  eden space 183296K, 93% used [0x00000000eb200000,0x00000000f58d7028,0x00000000f6500000)
  from space 6144K, 98% used [0x00000000f7600000,0x00000000f7bee8f8,0x00000000f7c00000)
  to   space 11776K, 0% used [0x00000000f6500000,0x00000000f6500000,0x00000000f7080000)
 ParOldGen       total 53760K, used 23423K [0x00000000c1600000, 0x00000000c4a80000, 0x00000000eb200000)
  object space 53760K, 43% used [0x00000000c1600000,0x00000000c2cdfc80,0x00000000c4a80000)
 Metaspace       used 46944K, capacity 48942K, committed 49112K, reserved 1091584K
  class space    used 6243K, capacity 6607K, committed 6616K, reserved 1048576K
GC Heap History (10 events):
Event: 16.088 GC heap before
{Heap before GC invocations=10 (full 1):
 PSYoungGen      total 112128K, used 112123K [0x00000000eb200000, 0x00000000f2880000, 0x0000000100000000)
  eden space 104960K, 100% used [0x00000000eb200000,0x00000000f1880000,0x00000000f1880000)
  from space 7168K, 99% used [0x00000000f2080000,0x00000000f277ec60,0x00000000f2780000)
  to   space 8192K, 0% used [0x00000000f1880000,0x00000000f1880000,0x00000000f2080000)
 ParOldGen       total 35840K, used 9356K [0x00000000c1600000, 0x00000000c3900000, 0x00000000eb200000)
  object space 35840K, 26% used [0x00000000c1600000,0x00000000c1f23340,0x00000000c3900000)
 Metaspace       used 31658K, capacity 32682K, committed 33024K, reserved 1077248K
  class space    used 4048K, capacity 4249K, committed 4352K, reserved 1048576K
Event: 16.136 GC heap after
Heap after GC invocations=10 (full 1):
 PSYoungGen      total 113152K, used 8185K [0x00000000eb200000, 0x00000000f5180000, 0x0000000100000000)
  eden space 104960K, 0% used [0x00000000eb200000,0x00000000eb200000,0x00000000f1880000)
  from space 8192K, 99% used [0x00000000f1880000,0x00000000f207e608,0x00000000f2080000)
  to   space 10240K, 0% used [0x00000000f4780000,0x00000000f4780000,0x00000000f5180000)
 ParOldGen       total 35840K, used 12589K [0x00000000c1600000, 0x00000000c3900000, 0x00000000eb200000)
  object space 35840K, 35% used [0x00000000c1600000,0x00000000c224b610,0x00000000c3900000)
 Metaspace       used 31658K, capacity 32682K, committed 33024K, reserved 1077248K
  class space    used 4048K, capacity 4249K, committed 4352K, reserved 1048576K
}
Event: 19.983 GC heap before
{Heap before GC invocations=11 (full 1):
 PSYoungGen      total 113152K, used 77543K [0x00000000eb200000, 0x00000000f5180000, 0x0000000100000000)
  eden space 104960K, 66% used [0x00000000eb200000,0x00000000ef5bb690,0x00000000f1880000)
  from space 8192K, 99% used [0x00000000f1880000,0x00000000f207e608,0x00000000f2080000)
  to   space 10240K, 0% used [0x00000000f4780000,0x00000000f4780000,0x00000000f5180000)
 ParOldGen       total 35840K, used 12589K [0x00000000c1600000, 0x00000000c3900000, 0x00000000eb200000)
  object space 35840K, 35% used [0x00000000c1600000,0x00000000c224b610,0x00000000c3900000)
 Metaspace       used 33947K, capacity 35316K, committed 35416K, reserved 1079296K
  class space    used 4371K, capacity 4636K, committed 4696K, reserved 1048576K
Event: 20.010 GC heap after
Heap after GC invocations=11 (full 1):
 PSYoungGen      total 151040K, used 7469K [0x00000000eb200000, 0x00000000f5100000, 0x0000000100000000)
  eden space 141312K, 0% used [0x00000000eb200000,0x00000000eb200000,0x00000000f3c00000)
  from space 9728K, 76% used [0x00000000f4780000,0x00000000f4ecb408,0x00000000f5100000)
  to   space 10752K, 0% used [0x00000000f3c00000,0x00000000f3c00000,0x00000000f4680000)
 ParOldGen       total 35840K, used 17291K [0x00000000c1600000, 0x00000000c3900000, 0x00000000eb200000)
  object space 35840K, 48% used [0x00000000c1600000,0x00000000c26e2dc0,0x00000000c3900000)
 Metaspace       used 33947K, capacity 35316K, committed 35416K, reserved 1079296K
  class space    used 4371K, capacity 4636K, committed 4696K, reserved 1048576K
}
Event: 20.010 GC heap before
{Heap before GC invocations=12 (full 2):
 PSYoungGen      total 151040K, used 7469K [0x00000000eb200000, 0x00000000f5100000, 0x0000000100000000)
  eden space 141312K, 0% used [0x00000000eb200000,0x00000000eb200000,0x00000000f3c00000)
  from space 9728K, 76% used [0x00000000f4780000,0x00000000f4ecb408,0x00000000f5100000)
  to   space 10752K, 0% used [0x00000000f3c00000,0x00000000f3c00000,0x00000000f4680000)
 ParOldGen       total 35840K, used 17291K [0x00000000c1600000, 0x00000000c3900000, 0x00000000eb200000)
  object space 35840K, 48% used [0x00000000c1600000,0x00000000c26e2dc0,0x00000000c3900000)
 Metaspace       used 33947K, capacity 35316K, committed 35416K, reserved 1079296K
  class space    used 4371K, capacity 4636K, committed 4696K, reserved 1048576K
Event: 20.119 GC heap after
Heap after GC invocations=12 (full 2):
 PSYoungGen      total 151040K, used 0K [0x00000000eb200000, 0x00000000f5100000, 0x0000000100000000)
  eden space 141312K, 0% used [0x00000000eb200000,0x00000000eb200000,0x00000000f3c00000)
  from space 9728K, 0% used [0x00000000f4780000,0x00000000f4780000,0x00000000f5100000)
  to   space 10752K, 0% used [0x00000000f3c00000,0x00000000f3c00000,0x00000000f4680000)
 ParOldGen       total 53760K, used 16325K [0x00000000c1600000, 0x00000000c4a80000, 0x00000000eb200000)
  object space 53760K, 30% used [0x00000000c1600000,0x00000000c25f1500,0x00000000c4a80000)
 Metaspace       used 33947K, capacity 35316K, committed 35416K, reserved 1079296K
  class space    used 4371K, capacity 4636K, committed 4696K, reserved 1048576K
}
Event: 28.324 GC heap before
{Heap before GC invocations=13 (full 2):
 PSYoungGen      total 151040K, used 141312K [0x00000000eb200000, 0x00000000f5100000, 0x0000000100000000)
  eden space 141312K, 100% used [0x00000000eb200000,0x00000000f3c00000,0x00000000f3c00000)
  from space 9728K, 0% used [0x00000000f4780000,0x00000000f4780000,0x00000000f5100000)
  to   space 10752K, 0% used [0x00000000f3c00000,0x00000000f3c00000,0x00000000f4680000)
 ParOldGen       total 53760K, used 16325K [0x00000000c1600000, 0x00000000c4a80000, 0x00000000eb200000)
  object space 53760K, 30% used [0x00000000c1600000,0x00000000c25f1500,0x00000000c4a80000)
 Metaspace       used 38079K, capacity 39760K, committed 39896K, reserved 1083392K
  class space    used 4943K, capacity 5262K, committed 5336K, reserved 1048576K
Event: 28.395 GC heap after
Heap after GC invocations=13 (full 2):
 PSYoungGen      total 152064K, used 10739K [0x00000000eb200000, 0x00000000f8200000, 0x0000000100000000)
  eden space 141312K, 0% used [0x00000000eb200000,0x00000000eb200000,0x00000000f3c00000)
  from space 10752K, 99% used [0x00000000f3c00000,0x00000000f467cfd8,0x00000000f4680000)
  to   space 12288K, 0% used [0x00000000f7600000,0x00000000f7600000,0x00000000f8200000)
 ParOldGen       total 53760K, used 16940K [0x00000000c1600000, 0x00000000c4a80000, 0x00000000eb200000)
  object space 53760K, 31% used [0x00000000c1600000,0x00000000c268b060,0x00000000c4a80000)
 Metaspace       used 38079K, capacity 39760K, committed 39896K, reserved 1083392K
  class space    used 4943K, capacity 5262K, committed 5336K, reserved 1048576K
}
Event: 57.374 GC heap before
{Heap before GC invocations=14 (full 2):
 PSYoungGen      total 152064K, used 152051K [0x00000000eb200000, 0x00000000f8200000, 0x0000000100000000)
  eden space 141312K, 100% used [0x00000000eb200000,0x00000000f3c00000,0x00000000f3c00000)
  from space 10752K, 99% used [0x00000000f3c00000,0x00000000f467cfd8,0x00000000f4680000)
  to   space 12288K, 0% used [0x00000000f7600000,0x00000000f7600000,0x00000000f8200000)
 ParOldGen       total 53760K, used 16940K [0x00000000c1600000, 0x00000000c4a80000, 0x00000000eb200000)
  object space 53760K, 31% used [0x00000000c1600000,0x00000000c268b060,0x00000000c4a80000)
 Metaspace       used 41718K, capacity 43420K, committed 43736K, reserved 1087488K
  class space    used 5453K, capacity 5778K, committed 5848K, reserved 1048576K
Event: 57.406 GC heap after
Heap after GC invocations=14 (full 2):
 PSYoungGen      total 189440K, used 6074K [0x00000000eb200000, 0x00000000f7c00000, 0x0000000100000000)
  eden space 183296K, 0% used [0x00000000eb200000,0x00000000eb200000,0x00000000f6500000)
  from space 6144K, 98% used [0x00000000f7600000,0x00000000f7bee8f8,0x00000000f7c00000)
  to   space 11776K, 0% used [0x00000000f6500000,0x00000000f6500000,0x00000000f7080000)
 ParOldGen       total 53760K, used 23423K [0x00000000c1600000, 0x00000000c4a80000, 0x00000000eb200000)
  object space 53760K, 43% used [0x00000000c1600000,0x00000000c2cdfc80,0x00000000c4a80000)
 Metaspace       used 41718K, capacity 43420K, committed 43736K, reserved 1087488K
  class space    used 5453K, capacity 5778K, committed 5848K, reserved 1048576K
}

